Internal Server Error: /
Traceback (most recent call last):
  File "C:\Users\Lene Escritorio\Downloads\API_entregas-main (1)\API_entregas\ambientevirtual\Lib\site-packages\django\core\handlers\exception.py", line 55, in inner
    response = get_response(request)
  File "C:\Users\Lene Escritorio\Downloads\API_entregas-main (1)\API_entregas\ambientevirtual\Lib\site-packages\django\core\handlers\base.py", line 198, in _get_response
    response = wrapped_callback(request, *callback_args, **callback_kwargs)
  File "C:\Users\Lene Escritorio\Downloads\API_entregas-main (1)\API_entregas\software\views.py", line 444, in login_view
    if user is not None and user.funcionario.funcao == 'motoboy':
                            ^^^^^^^^^^^^^^^^
  File "C:\Users\Lene Escritorio\Downloads\API_entregas-main (1)\API_entregas\ambientevirtual\Lib\site-packages\django\db\models\fields\related_descriptors.py", line 520, in __get__
    raise self.RelatedObjectDoesNotExist(
    ...<2 lines>...
    )
django.contrib.auth.models.User.funcionario.RelatedObjectDoesNotExist: User has no funcionario.
Internal Server Error: /
Traceback (most recent call last):
  File "C:\Users\Lene Escritorio\Downloads\API_entregas-main (1)\API_entregas\ambientevirtual\Lib\site-packages\django\core\handlers\exception.py", line 55, in inner
    response = get_response(request)
  File "C:\Users\Lene Escritorio\Downloads\API_entregas-main (1)\API_entregas\ambientevirtual\Lib\site-packages\django\core\handlers\base.py", line 198, in _get_response
    response = wrapped_callback(request, *callback_args, **callback_kwargs)
  File "C:\Users\Lene Escritorio\Downloads\API_entregas-main (1)\API_entregas\software\views.py", line 444, in login_view
    if user is not None and user.funcionario.funcao == 'motoboy':
                            ^^^^^^^^^^^^^^^^
  File "C:\Users\Lene Escritorio\Downloads\API_entregas-main (1)\API_entregas\ambientevirtual\Lib\site-packages\django\db\models\fields\related_descriptors.py", line 520, in __get__
    raise self.RelatedObjectDoesNotExist(
    ...<2 lines>...
    )
django.contrib.auth.models.User.funcionario.RelatedObjectDoesNotExist: User has no funcionario.
"POST / HTTP/1.1" 500 145
Internal Server Error: /
Traceback (most recent call last):
  File "C:\Users\Lene Escritorio\Downloads\API_entregas-main (1)\API_entregas\ambientevirtual\Lib\site-packages\django\core\handlers\exception.py", line 55, in inner
    response = get_response(request)
  File "C:\Users\Lene Escritorio\Downloads\API_entregas-main (1)\API_entregas\ambientevirtual\Lib\site-packages\django\core\handlers\base.py", line 198, in _get_response
    response = wrapped_callback(request, *callback_args, **callback_kwargs)
  File "C:\Users\Lene Escritorio\Downloads\API_entregas-main (1)\API_entregas\software\views.py", line 444, in login_view
    if user is not None and user.funcionario.funcao == 'motoboy':
                            ^^^^^^^^^^^^^^^^
  File "C:\Users\Lene Escritorio\Downloads\API_entregas-main (1)\API_entregas\ambientevirtual\Lib\site-packages\django\db\models\fields\related_descriptors.py", line 520, in __get__
    raise self.RelatedObjectDoesNotExist(
    ...<2 lines>...
    )
django.contrib.auth.models.User.funcionario.RelatedObjectDoesNotExist: User has no funcionario.
"POST / HTTP/1.1" 500 145
Not Found: /static/admin/css/dark_mode.css
Not Found: /static/admin/css/base.css
Not Found: /static/admin/js/theme.js
"GET /static/admin/css/dark_mode.css HTTP/1.1" 404 179
Not Found: /static/admin/css/nav_sidebar.css
"GET /static/admin/css/base.css HTTP/1.1" 404 179
"GET /static/admin/js/theme.js HTTP/1.1" 404 179
"GET /static/admin/css/nav_sidebar.css HTTP/1.1" 404 179
Not Found: /static/admin/css/dashboard.css
Not Found: /static/admin/css/responsive.css
"GET /static/admin/css/dashboard.css HTTP/1.1" 404 179
"GET /static/admin/css/responsive.css HTTP/1.1" 404 179
Not Found: /static/admin/css/nav_sidebar.css
Not Found: /static/admin/js/nav_sidebar.js
"GET /static/admin/css/nav_sidebar.css HTTP/1.1" 404 179
"GET /static/admin/js/nav_sidebar.js HTTP/1.1" 404 179
Not Found: /static/admin/css/base.css
Not Found: /static/admin/css/dark_mode.css
Not Found: /static/admin/css/nav_sidebar.css
Not Found: /static/admin/css/dashboard.css
"GET /static/admin/css/dark_mode.css HTTP/1.1" 404 179
Not Found: /static/admin/css/responsive.css
Not Found: /static/admin/js/theme.js
"GET /static/admin/css/nav_sidebar.css HTTP/1.1" 404 179
"GET /static/admin/css/base.css HTTP/1.1" 404 179
"GET /static/admin/css/dashboard.css HTTP/1.1" 404 179
"GET /static/admin/css/responsive.css HTTP/1.1" 404 179
"GET /static/admin/js/theme.js HTTP/1.1" 404 179
Not Found: /static/admin/js/nav_sidebar.js
Not Found: /static/admin/css/nav_sidebar.css
Not Found: /static/admin/css/dashboard.css
Not Found: /static/admin/css/responsive.css
"GET /static/admin/css/nav_sidebar.css HTTP/1.1" 404 179
"GET /static/admin/js/nav_sidebar.js HTTP/1.1" 404 179
"GET /static/admin/css/dashboard.css HTTP/1.1" 404 179
"GET /static/admin/css/responsive.css HTTP/1.1" 404 179
Not Found: /static/admin/css/base.css
Not Found: /static/admin/css/nav_sidebar.css
Not Found: /static/admin/css/dark_mode.css
Not Found: /static/admin/js/theme.js
"GET /static/admin/css/base.css HTTP/1.1" 404 179
"GET /static/admin/css/nav_sidebar.css HTTP/1.1" 404 179
Not Found: /static/admin/css/dashboard.css
"GET /static/admin/css/dark_mode.css HTTP/1.1" 404 179
"GET /static/admin/js/theme.js HTTP/1.1" 404 179
Not Found: /static/admin/css/responsive.css
"GET /static/admin/css/dashboard.css HTTP/1.1" 404 179
"GET /static/admin/css/responsive.css HTTP/1.1" 404 179
Not Found: /static/admin/js/nav_sidebar.js
Not Found: /static/admin/css/dashboard.css
Not Found: /static/admin/css/nav_sidebar.css
"GET /static/admin/js/nav_sidebar.js HTTP/1.1" 404 179
"GET /static/admin/css/nav_sidebar.css HTTP/1.1" 404 179
"GET /static/admin/css/dashboard.css HTTP/1.1" 404 179
Not Found: /static/admin/css/base.css
Not Found: /static/admin/css/nav_sidebar.css
Not Found: /static/admin/js/theme.js
Not Found: /static/admin/css/dashboard.css
Not Found: /static/admin/css/dark_mode.css
"GET /static/admin/css/nav_sidebar.css HTTP/1.1" 404 179
Not Found: /static/admin/css/responsive.css
"GET /static/admin/css/dashboard.css HTTP/1.1" 404 179
"GET /static/admin/js/theme.js HTTP/1.1" 404 179
"GET /static/admin/css/base.css HTTP/1.1" 404 179
"GET /static/admin/css/dark_mode.css HTTP/1.1" 404 179
"GET /static/admin/css/responsive.css HTTP/1.1" 404 179
Not Found: /static/admin/css/nav_sidebar.css
Not Found: /static/admin/css/dashboard.css
Not Found: /static/admin/js/nav_sidebar.js
"GET /static/admin/css/dashboard.css HTTP/1.1" 404 179
"GET /static/admin/css/nav_sidebar.css HTTP/1.1" 404 179
"GET /static/admin/js/nav_sidebar.js HTTP/1.1" 404 179
Not Found: /favicon.ico
"GET /favicon.ico HTTP/1.1" 404 179
Internal Server Error: /
Traceback (most recent call last):
  File "C:\Users\Lene Escritorio\Downloads\API_entregas-main (1)\API_entregas\ambientevirtual\Lib\site-packages\django\core\handlers\exception.py", line 55, in inner
    response = get_response(request)
  File "C:\Users\Lene Escritorio\Downloads\API_entregas-main (1)\API_entregas\ambientevirtual\Lib\site-packages\django\core\handlers\base.py", line 198, in _get_response
    response = wrapped_callback(request, *callback_args, **callback_kwargs)
  File "C:\Users\Lene Escritorio\Downloads\API_entregas-main (1)\API_entregas\software\views.py", line 444, in login_view
    if user is not None and user.funcionario.funcao == 'motoboy':
                            ^^^^^^^^^^^^^^^^
  File "C:\Users\Lene Escritorio\Downloads\API_entregas-main (1)\API_entregas\ambientevirtual\Lib\site-packages\django\db\models\fields\related_descriptors.py", line 520, in __get__
    raise self.RelatedObjectDoesNotExist(
    ...<2 lines>...
    )
django.contrib.auth.models.User.funcionario.RelatedObjectDoesNotExist: User has no funcionario.
"POST / HTTP/1.1" 500 145
Not Found: /static/admin/css/base.css
"GET /static/admin/css/base.css HTTP/1.1" 404 179
Not Found: /static/admin/css/dark_mode.css
Not Found: /static/admin/js/theme.js
Not Found: /static/admin/css/nav_sidebar.css
"GET /static/admin/css/dark_mode.css HTTP/1.1" 404 179
"GET /static/admin/css/nav_sidebar.css HTTP/1.1" 404 179
"GET /static/admin/js/theme.js HTTP/1.1" 404 179
Not Found: /static/admin/css/dashboard.css
Not Found: /static/admin/css/responsive.css
Not Found: /static/admin/css/nav_sidebar.css
Not Found: /static/admin/js/nav_sidebar.js
"GET /static/admin/css/dashboard.css HTTP/1.1" 404 179
"GET /static/admin/css/responsive.css HTTP/1.1" 404 179
"GET /static/admin/css/nav_sidebar.css HTTP/1.1" 404 179
"GET /static/admin/js/nav_sidebar.js HTTP/1.1" 404 179
Not Found: /favicon.ico
"GET /favicon.ico HTTP/1.1" 404 179
Internal Server Error: /
Traceback (most recent call last):
  File "C:\Users\Lene Escritorio\Downloads\API_entregas-main (1)\API_entregas\ambientevirtual\Lib\site-packages\django\core\handlers\exception.py", line 55, in inner
    response = get_response(request)
  File "C:\Users\Lene Escritorio\Downloads\API_entregas-main (1)\API_entregas\ambientevirtual\Lib\site-packages\django\core\handlers\base.py", line 198, in _get_response
    response = wrapped_callback(request, *callback_args, **callback_kwargs)
  File "C:\Users\Lene Escritorio\Downloads\API_entregas-main (1)\API_entregas\software\views.py", line 444, in login_view
    if user is not None and user.funcionario.funcao == 'motoboy':
                            ^^^^^^^^^^^^^^^^
  File "C:\Users\Lene Escritorio\Downloads\API_entregas-main (1)\API_entregas\ambientevirtual\Lib\site-packages\django\db\models\fields\related_descriptors.py", line 520, in __get__
    raise self.RelatedObjectDoesNotExist(
    ...<2 lines>...
    )
django.contrib.auth.models.User.funcionario.RelatedObjectDoesNotExist: User has no funcionario.
"POST / HTTP/1.1" 500 145
Not Found: /favicon.ico
"GET /favicon.ico HTTP/1.1" 404 179
Not Found: /favicon.ico
"GET /favicon.ico HTTP/1.1" 404 179
Not Found: /favicon.ico
"GET /favicon.ico HTTP/1.1" 404 179
